
Showing logs for build [32mmeta-cb-kubecd-environment-boot-s698x-1[0m stage [32mmeta-pipeline[0m and container [32mstep-credential-initializer-j6pc8[0m
{"level":"warn","ts":1586357130.8893342,"logger":"fallback-logger","caller":"logging/config.go:69","msg":"Fetch GitHub commit ID from kodata failed: \"ref: refs/heads/0.8.0-jx-support-backwards-incompats\" is not a valid GitHub commit ID"}
{"level":"info","ts":1586357130.890032,"logger":"fallback-logger","caller":"creds-init/main.go:40","msg":"Credentials initialized."}

Showing logs for build [32mmeta-cb-kubecd-environment-boot-s698x-1[0m stage [32mmeta-pipeline[0m and container [32mstep-working-dir-initializer-z8hm4[0m
{"level":"warn","ts":1586357132.7641077,"logger":"fallback-logger","caller":"logging/config.go:69","msg":"Fetch GitHub commit ID from kodata failed: open /var/run/ko/HEAD: no such file or directory"}
{"level":"info","ts":1586357132.7654872,"logger":"fallback-logger","caller":"bash/main.go:64","msg":"Successfully executed command \"sh -c mkdir -p /workspace/source\"; output "}

Showing logs for build [32mmeta-cb-kubecd-environment-boot-s698x-1[0m stage [32mmeta-pipeline[0m and container [32mstep-place-tools[0m

Showing logs for build [32mmeta-cb-kubecd-environment-boot-s698x-1[0m stage [32mmeta-pipeline[0m and container [32mstep-git-source-meta-cb-kubecd-environment-boot-s698x-786fm[0m
{"level":"warn","ts":1586357139.073543,"logger":"fallback-logger","caller":"logging/config.go:69","msg":"Fetch GitHub commit ID from kodata failed: \"ref: refs/heads/0.8.0-jx-support-backwards-incompats\" is not a valid GitHub commit ID"}
{"level":"info","ts":1586357140.103386,"logger":"fallback-logger","caller":"git/git.go:103","msg":"Successfully cloned https://github.com/cb-kubecd/environment-bootv3-staging.git @ 054d908483c04b37cd5cfe69af2a0a23be3d441a in path /workspace/source"}

Showing logs for build [32mmeta-cb-kubecd-environment-boot-s698x-1[0m stage [32mmeta-pipeline[0m and container [32mstep-git-merge[0m
Using SHAs from PULL_REFS=master:054d908483c04b37cd5cfe69af2a0a23be3d441a
WARNING: no SHAs to merge, falling back to initial cloned commit

Showing logs for build [32mmeta-cb-kubecd-environment-boot-s698x-1[0m stage [32mmeta-pipeline[0m and container [32mstep-merge-pull-refs[0m
SKIP merge-pull-refs: Nothing to merge

Showing logs for build [32mmeta-cb-kubecd-environment-boot-s698x-1[0m stage [32mmeta-pipeline[0m and container [32mstep-create-effective-pipeline[0m
Effective pipeline written to jenkins-x-effective.yml

Showing logs for build [32mmeta-cb-kubecd-environment-boot-s698x-1[0m stage [32mmeta-pipeline[0m and container [32mstep-create-tekton-crds[0m
running command: jx step next-version --use-git-tag-only --tag
created new version: 0.0.3 and written to file: ./VERSION
error: Have you set up a git credential helper? See https://help.github.com/articles/caching-your-github-password-in-git/
: git output: To https://github.com/cb-kubecd/environment-bootv3-staging.git
 ! [remote rejected] v0.0.3 -> v0.0.3 (cannot lock ref 'refs/tags/v0.0.3': reference already exists)
error: failed to push some refs to 'https://github.com/cb-kubecd/environment-bootv3-staging.git': failed to run 'git push origin v0.0.3' command in directory '', output: 'To https://github.com/cb-kubecd/environment-bootv3-staging.git
 ! [remote rejected] v0.0.3 -> v0.0.3 (cannot lock ref 'refs/tags/v0.0.3': reference already exists)
error: failed to push some refs to 'https://github.com/cb-kubecd/environment-bootv3-staging.git''
error: failed to set the version on release pipelines: failed to run '/bin/sh -c jx step next-version --use-git-tag-only --tag' command in directory '/workspace/source', output: ''
[31m
Pipeline failed on stage 'meta-pipeline' : container 'step-create-tekton-crds'. The execution of the pipeline has stopped.[0m
